<?xml version="1.0" encoding="UTF-8"?>
<!-- Generated by org.testng.reporters.JUnitReportReporter -->
<testsuite hostname="DESKTOP-NPSQIRG" failures="1" tests="1" name="runner.RunCuke" time="60.549" errors="0" timestamp="2023-06-21T21:01:04 IST" skipped="0">
  <testcase classname="runner.RunCuke" name="runScenario" time="60.549">
    <failure message="Trello logOut page is not displayed expected [true] but found [false]" type="java.lang.AssertionError">
      <![CDATA[java.lang.AssertionError: Trello logOut page is not displayed expected [true] but found [false]
at org.testng.Assert.fail(Assert.java:110)
at org.testng.Assert.failNotEquals(Assert.java:1577)
at org.testng.Assert.assertTrue(Assert.java:56)
at com.trello.pages.LogOutPage.verifyLogOutPageDisplayed(LogOutPage.java:19)
at stepsdefinition.TrelloPagesSteps.user_should_navigate_to_log_out_page(TrelloPagesSteps.java:215)
at ✽.user should navigate to LogOut page(file:///D:/Cucumber/Trello_19_06_2023/src/test/java/features/BoardsWithListAndCardsScenario.feature:34)
]]>
    </failure>
  </testcase> <!-- runScenario -->
  <system-out/>
</testsuite> <!-- runner.RunCuke -->
